[18107:18107:1229/170541.821828:WARNING:sandbox_linux.cc(376)] InitializeSandbox() called with multiple threads in process gpu-process.
[18066:18066:1229/170542.012315:WARNING:bluez_dbus_manager.cc(247)] Floss manager not present, cannot set Floss enable/disable.
[18169:13:1229/170543.826234:WARNING:media_session.cc(939)] RED codec red is missing an associated payload type.
[18066:18066:1229/170546.717647:INFO:CONSOLE(29)] "Widget </rumCounter> ("@marketfront/RumCounter") is inited", source: https://yastatic.net/s3/market-static/white-desktop/browser.vendor.325739c.js (29)
[18066:18066:1229/170546.720283:INFO:CONSOLE(29)] "Widget </errorCounter> ("@marketfront/ErrorCounter") is inited", source: https://yastatic.net/s3/market-static/white-desktop/browser.vendor.325739c.js (29)
[18066:18066:1229/170546.722485:INFO:CONSOLE(29)] "Widget </metrika> ("@marketfront/Metrika") is inited", source: https://yastatic.net/s3/market-static/white-desktop/browser.vendor.325739c.js (29)
[18066:18066:1229/170546.723414:INFO:CONSOLE(29)] "Widget </title> ("@apiary-annex/Title") is inited", source: https://yastatic.net/s3/market-static/white-desktop/browser.vendor.325739c.js (29)
[18066:18066:1229/170546.724846:INFO:CONSOLE(29)] "Widget </meta> ("@apiary-annex/Meta") is inited", source: https://yastatic.net/s3/market-static/white-desktop/browser.vendor.325739c.js (29)
[18066:18066:1229/170546.733594:INFO:CONSOLE(29)] "Widget </header/logo> ("@MarketNode/HeaderLogo") is inited", source: https://yastatic.net/s3/market-static/white-desktop/browser.vendor.325739c.js (29)
[18066:18066:1229/170546.749208:INFO:CONSOLE(29)] "Widget </header/plusBalance/promoTooltip> ("@marketfront/PromoTooltip") is inited", source: https://yastatic.net/s3/market-static/white-desktop/browser.vendor.325739c.js (29)
[18066:18066:1229/170546.752220:INFO:CONSOLE(29)] "Widget </header/plusBalance/yandexPlusOnboarding> ("@marketfront/YandexPlusOnboarding") is inited", source: https://yastatic.net/s3/market-static/white-desktop/browser.vendor.325739c.js (29)
[18066:18066:1229/170546.766268:INFO:CONSOLE(29)] "Widget </header/nav/loginAgitationPopup> ("@marketfront/LoginAgitationPopup") is inited", source: https://yastatic.net/s3/market-static/white-desktop/browser.vendor.325739c.js (29)
[18066:18066:1229/170546.770765:INFO:CONSOLE(29)] "Widget </header/nav/yandexHelpOnboardingTooltip> ("@MarketNode/YandexHelpOnboardingTooltip") is inited", source: https://yastatic.net/s3/market-static/white-desktop/browser.vendor.325739c.js (29)
[18066:18066:1229/170546.773751:INFO:CONSOLE(29)] "Widget </header/nav/yandexHelpBusinessTooltip> ("@MarketNode/YandexHelpBusinessTooltip") is inited", source: https://yastatic.net/s3/market-static/white-desktop/browser.vendor.325739c.js (29)
[18066:18066:1229/170546.776895:INFO:CONSOLE(29)] "Widget </header/nav/loyaltyNotificationTooltip> ("@marketfront/LoyaltyNotificationTooltip") is inited", source: https://yastatic.net/s3/market-static/white-desktop/browser.vendor.325739c.js (29)
[18066:18066:1229/170546.785582:INFO:CONSOLE(29)] "Widget </header> ("@MarketNode/Header") is inited", source: https://yastatic.net/s3/market-static/white-desktop/browser.vendor.325739c.js (29)
[18066:18066:1229/170546.790408:INFO:CONSOLE(29)] "Widget </menu/layout/layout/regionEntrypoint> ("@MarketNode/HeaderRegionPopup") is inited", source: https://yastatic.net/s3/market-static/white-desktop/browser.vendor.325739c.js (29)
[18066:18066:1229/170546.793909:INFO:CONSOLE(29)] "Widget </menu/layout> ("@MarketNode/HeaderTabsLayout") is inited", source: https://yastatic.net/s3/market-static/white-desktop/browser.vendor.325739c.js (29)
[18066:18066:1229/170546.795644:INFO:CONSOLE(29)] "Widget </menu> ("@MarketNode/TopMenu") is inited", source: https://yastatic.net/s3/market-static/white-desktop/browser.vendor.325739c.js (29)
[18066:18066:1229/170546.807903:INFO:CONSOLE(29)] "Widget </content/productCardTitle/popupInformerBottom> ("@marketfront/PopupInformer") is inited", source: https://yastatic.net/s3/market-static/white-desktop/browser.vendor.325739c.js (29)
[18066:18066:1229/170546.826701:INFO:CONSOLE(29)] "Widget </content/reviewsFactorsSummary> ("@MarketNode/ProductReviewsFactorsSummary") is inited", source: https://yastatic.net/s3/market-static/white-desktop/browser.vendor.325739c.js (29)
[18066:18066:1229/170546.830195:INFO:CONSOLE(29)] "Widget </content/agitationScrollBox/LazyLoader> ("@yandex-market/mandrel/LazyLoader-market") is inited", source: https://yastatic.net/s3/market-static/white-desktop/browser.vendor.325739c.js (29)
[18066:18066:1229/170546.832130:INFO:CONSOLE(29)] "Widget </content/agitationScrollBox> ("@marketfront/VisibilityLoaderMarket") is inited", source: https://yastatic.net/s3/market-static/white-desktop/browser.vendor.325739c.js (29)
[18066:18066:1229/170546.849813:INFO:CONSOLE(29)] "Widget </content/belarusBoundPhoneDialog> ("@MarketNode/BelarusBoundPhoneDialog") is inited", source: https://yastatic.net/s3/market-static/white-desktop/browser.vendor.325739c.js (29)
[18066:18066:1229/170546.864708:INFO:CONSOLE(29)] "Widget </footer/appPromoLoader/cmsDistributionWidget/0/111695000-DistributionFooterDesktop/qrCode> ("@marketfront/GeneratedQrCode") is inited", source: https://yastatic.net/s3/market-static/white-desktop/browser.vendor.325739c.js (29)
[18066:18066:1229/170546.870759:INFO:CONSOLE(29)] "Widget </footer/appPromoLoader/cmsDistributionWidget/0/111695000-DistributionFooterDesktop> ("@marketfront/DistributionFooterDesktop") is inited", source: https://yastatic.net/s3/market-static/white-desktop/browser.vendor.325739c.js (29)
[18066:18066:1229/170546.872431:INFO:CONSOLE(29)] "Widget </footer/appPromoLoader/cmsDistributionWidget/0> ("@marketfront/CmsLayout") is inited", source: https://yastatic.net/s3/market-static/white-desktop/browser.vendor.325739c.js (29)
[18066:18066:1229/170546.878233:INFO:CONSOLE(29)] "Widget </footer/appPromoLoader/cmsDistributionWidget> ("@marketfront/CmsPageLayout") is inited", source: https://yastatic.net/s3/market-static/white-desktop/browser.vendor.325739c.js (29)
[18066:18066:1229/170546.884316:INFO:CONSOLE(29)] "Widget </footer/history/scrollbox/LazyLoader> ("@yandex-market/mandrel/LazyLoader-market") is inited", source: https://yastatic.net/s3/market-static/white-desktop/browser.vendor.325739c.js (29)
[18066:18066:1229/170546.888761:INFO:CONSOLE(29)] "Widget </footer/history/scrollbox> ("@marketfront/VisibilityLoaderMarket") is inited", source: https://yastatic.net/s3/market-static/white-desktop/browser.vendor.325739c.js (29)
[18066:18066:1229/170546.893308:INFO:CONSOLE(29)] "Widget </footer> ("@MarketNode/Footer") is inited", source: https://yastatic.net/s3/market-static/white-desktop/browser.vendor.325739c.js (29)
[18066:18066:1229/170546.927081:INFO:CONSOLE(29)] "Widget </rootIdleManager/rootIdleManager-YaPlusMediaWidget/yandexPlusPromo> ("@marketfront/YandexPlusPromo") is inited", source: https://yastatic.net/s3/market-static/white-desktop/browser.vendor.325739c.js (29)
[18066:18066:1229/170546.942425:INFO:CONSOLE(29)] "Widget </rootIdleManager/rootIdleManager-CommonEcommerce> ("@marketfront/CommonEcommerce") is inited", source: https://yastatic.net/s3/market-static/white-desktop/browser.vendor.325739c.js (29)
[18066:18066:1229/170546.949775:INFO:CONSOLE(29)] "Widget </rootIdleManager/rootIdleManager-CartUpsalePopup/lazyContent/content> ("@yandex-market/mandrel/LazyLoader-market") is inited", source: https://yastatic.net/s3/market-static/white-desktop/browser.vendor.325739c.js (29)
[18066:18066:1229/170546.952718:INFO:CONSOLE(29)] "Widget </rootIdleManager/rootIdleManager-CartUpsalePopup/lazyContent> ("@market/CartUpsalePopupContentLoader") is inited", source: https://yastatic.net/s3/market-static/white-desktop/browser.vendor.325739c.js (29)
[18066:18066:1229/170546.957877:INFO:CONSOLE(29)] "Widget </rootIdleManager> ("@marketfront/RootIdleManager") is inited", source: https://yastatic.net/s3/market-static/white-desktop/browser.vendor.325739c.js (29)
[18066:18066:1229/170547.180990:INFO:CONSOLE(71)] "spooky", source: https://yastatic.net/s3/market-static/white-desktop/browser.vendor.325739c.js (71)
[18066:18066:1229/170547.188330:INFO:CONSOLE(29)] "Widget </content/productRatingStat> ("@MarketNode/ProductRatingStat") is inited", source: https://yastatic.net/s3/market-static/white-desktop/browser.vendor.325739c.js (29)
[18066:18066:1229/170547.189657:INFO:CONSOLE(29)] "Widget </content/reviewsPhotoFilter> ("@MarketNode/ReviewsPhotoFilter") is inited", source: https://yastatic.net/s3/market-static/white-desktop/browser.vendor.325739c.js (29)
[18066:18066:1229/170547.195904:INFO:CONSOLE(29)] "Widget </content/reviewsToolbar/reviewSummaryDescription> ("@market/ReviewSummaryDescription") is inited", source: https://yastatic.net/s3/market-static/white-desktop/browser.vendor.325739c.js (29)
[18066:18066:1229/170547.204422:INFO:CONSOLE(29)] "Widget </content/reviewsToolbar/ugcMediaGallery> ("@MarketNode/UgcMediaGallery") is inited", source: https://yastatic.net/s3/market-static/white-desktop/browser.vendor.325739c.js (29)
[18066:18066:1229/170547.211403:INFO:CONSOLE(29)] "Widget </content/reviewsToolbar> ("@MarketNode/ReviewsToolbar") is inited", source: https://yastatic.net/s3/market-static/white-desktop/browser.vendor.325739c.js (29)
[18066:18066:1229/170547.261265:INFO:CONSOLE(29)] "Widget </content/productReviewsList> ("@MarketNode/ProductReviewsList") is inited", source: https://yastatic.net/s3/market-static/white-desktop/browser.vendor.325739c.js (29)
[18066:18066:1229/170547.265238:INFO:CONSOLE(29)] "Widget </content/paginator> ("@MarketNode/ProductReviewsPaginator") is inited", source: https://yastatic.net/s3/market-static/white-desktop/browser.vendor.325739c.js (29)
[18066:18066:1229/170547.294854:INFO:CONSOLE(29)] "Widget </content/productCardTitle/productStickyCard> ("@MarketNode/StickyProductCard") is inited", source: https://yastatic.net/s3/market-static/white-desktop/browser.vendor.325739c.js (29)
[18066:18066:1229/170547.302639:INFO:CONSOLE(29)] "Widget </content/productCardTitle> ("@MarketNode/ProductCardTitle") is inited", source: https://yastatic.net/s3/market-static/white-desktop/browser.vendor.325739c.js (29)
[18066:18066:1229/170547.304996:INFO:CONSOLE(29)] "Widget </content/legalInfo> ("@MarketNode/LegalInfo") is inited", source: https://yastatic.net/s3/market-static/white-desktop/browser.vendor.325739c.js (29)
[18066:18066:1229/170547.309404:INFO:CONSOLE(29)] "Widget </content/offerModifications> ("@MarketNode/OfferModifications") is inited", source: https://yastatic.net/s3/market-static/white-desktop/browser.vendor.325739c.js (29)
[18066:18066:1229/170547.345358:INFO:CONSOLE(29)] "Widget </content/topOffers> ("@MarketNode/TopOffers") is inited", source: https://yastatic.net/s3/market-static/white-desktop/browser.vendor.325739c.js (29)
[18066:18066:1229/170547.349921:INFO:CONSOLE(29)] "Widget </content/offerDetailsPopup> ("@MarketNode/OfferDetailsPopup") is inited", source: https://yastatic.net/s3/market-static/white-desktop/browser.vendor.325739c.js (29)
[18066:18066:1229/170547.355984:INFO:CONSOLE(29)] "Widget </content/complainFormPopup> ("@MarketNode/ComplainFormPopup") is inited", source: https://yastatic.net/s3/market-static/white-desktop/browser.vendor.325739c.js (29)
[18066:18066:1229/170547.358448:INFO:CONSOLE(29)] "Widget </content/video> ("@MarketNode/ProductVideo") is inited", source: https://yastatic.net/s3/market-static/white-desktop/browser.vendor.325739c.js (29)
[18066:18066:1229/170547.363548:INFO:CONSOLE(29)] "Widget </content/liveAnnouncementPopup> ("@market/LiveAnnouncementPopup") is inited", source: https://yastatic.net/s3/market-static/white-desktop/browser.vendor.325739c.js (29)
[18066:18066:1229/170547.366564:INFO:CONSOLE(29)] "Widget </content/telemostButton/voiceConsultationPopup> ("@MarketNode/VoiceConsultationPopup") is inited", source: https://yastatic.net/s3/market-static/white-desktop/browser.vendor.325739c.js (29)
[18066:18066:1229/170547.369039:INFO:CONSOLE(29)] "Widget </content/telemostButton> ("@market/TelemostButton") is inited", source: https://yastatic.net/s3/market-static/white-desktop/browser.vendor.325739c.js (29)
[18066:18066:1229/170547.370500:INFO:CONSOLE(29)] "Widget </content/productRecipes> ("@MarketNode/ProductRecipes") is inited", source: https://yastatic.net/s3/market-static/white-desktop/browser.vendor.325739c.js (29)
[18066:18066:1229/170547.500164:INFO:CONSOLE(29)] "Widget </header/catalogEntrypoint> ("@MarketNode/HeaderCatalogEntrypoint") is inited", source: https://yastatic.net/s3/market-static/white-desktop/browser.vendor.325739c.js (29)
[18066:18066:1229/170547.725500:INFO:CONSOLE(14)] "You forgot to import "@yandex-market/mandrel/DevTools/Root" in the index file of a parent widget or mark it as static.", source: https://yastatic.net/s3/market-static/white-desktop/browser.vendor.325739c.js (14)
[18066:18066:1229/170547.759668:INFO:CONSOLE(29)] "Widget </header/plusBalance> ("@MarketNode/HeaderPlusBalance") is inited", source: https://yastatic.net/s3/market-static/white-desktop/browser.vendor.325739c.js (29)
[18066:18066:1229/170547.762279:INFO:CONSOLE(29)] "Widget </devToolsInit> ("@yandex-market/mandrel/DevTools/Init") is inited", source: https://yastatic.net/s3/market-static/white-desktop/browser.vendor.325739c.js (29)
[18066:18066:1229/170547.764730:INFO:CONSOLE(29)] "Widget </header/ordersDropdown> ("@marketfront/OrdersWidget") is inited", source: https://yastatic.net/s3/market-static/white-desktop/browser.vendor.325739c.js (29)
[18066:18066:1229/170547.789149:INFO:CONSOLE(29)] "Widget </rootIdleManager/rootIdleManager-CartUpsalePopup> ("@market/CartUpsalePopup") is inited", source: https://yastatic.net/s3/market-static/white-desktop/browser.vendor.325739c.js (29)
[18066:18066:1229/170547.791777:INFO:CONSOLE(29)] "Widget </rootIdleManager/rootIdleManager-OnboardingManagerLoader> ("@marketfront/OnboardingManagerLoader") is inited", source: https://yastatic.net/s3/market-static/white-desktop/browser.vendor.325739c.js (29)
[18066:18066:1229/170547.796303:INFO:CONSOLE(29)] "Widget </greed> ("@MarketNode/Greed") is inited", source: https://yastatic.net/s3/market-static/white-desktop/browser.vendor.325739c.js (29)
[18066:18066:1229/170547.798032:INFO:CONSOLE(29)] "Widget </rootIdleManager/rootIdleManager-CommonEcommerce/productTracking> ("@marketfront/ProductTracking") is inited", source: https://yastatic.net/s3/market-static/white-desktop/browser.vendor.325739c.js (29)
[18066:18066:1229/170548.677079:INFO:CONSOLE(29)] "Widget </content> ("@MarketNode/ProductReviewsPage") is inited", source: https://yastatic.net/s3/market-static/white-desktop/browser.vendor.325739c.js (29)
[18066:18066:1229/170549.079551:INFO:CONSOLE(29)] "Widget </rootIdleManager/rootIdleManager-CommonEcommerce/ecommerce> ("@market/Ecommerce") is inited", source: https://yastatic.net/s3/market-static/white-desktop/browser.vendor.325739c.js (29)
[18066:18066:1229/170549.091802:INFO:CONSOLE(29)] "Widget </rootIdleManager/rootIdleManager-YaPlusMediaWidget> ("@marketfront/YaPlusMediaWidget") is inited", source: https://yastatic.net/s3/market-static/white-desktop/browser.vendor.325739c.js (29)
[18066:18066:1229/170549.093747:INFO:CONSOLE(29)] "Widget </captchaService> ("@marketfront/CaptchaService") is inited", source: https://yastatic.net/s3/market-static/white-desktop/browser.vendor.325739c.js (29)
[18066:18066:1229/170549.099513:INFO:CONSOLE(29)] "Widget </header/nav> ("@MarketNode/HeaderNav") is inited", source: https://yastatic.net/s3/market-static/white-desktop/browser.vendor.325739c.js (29)
[18066:18066:1229/170549.105196:INFO:CONSOLE(29)] "Widget </rootIdleManager/rootIdleManager-Notification> ("@marketfront/Notification") is inited", source: https://yastatic.net/s3/market-static/white-desktop/browser.vendor.325739c.js (29)
[18066:18066:1229/170549.108209:INFO:CONSOLE(29)] "Widget </baobabDevTool> ("@marketfront/BaobabDevTool") is inited", source: https://yastatic.net/s3/market-static/white-desktop/browser.vendor.325739c.js (29)
[18066:18066:1229/170549.110575:INFO:CONSOLE(29)] "Widget </rootIdleManager/rootIdleManager-UXFeedback> ("@MarketNode/UXFeedback") is inited", source: https://yastatic.net/s3/market-static/white-desktop/browser.vendor.325739c.js (29)
[18066:18066:1229/170549.114792:INFO:CONSOLE(29)] "Widget </header/ordersButton> ("@MarketNode/HeaderOrdersButton") is inited", source: https://yastatic.net/s3/market-static/white-desktop/browser.vendor.325739c.js (29)
[18066:18066:1229/170549.155789:INFO:CONSOLE(29)] "Widget </header/headerRegionSelector> ("@MarketNode/HeaderRegionSelector") is inited", source: https://yastatic.net/s3/market-static/white-desktop/browser.vendor.325739c.js (29)
[18066:18066:1229/170549.270947:INFO:CONSOLE(29)] "Widget </cartService> ("@market/CartService") is inited", source: https://yastatic.net/s3/market-static/white-desktop/browser.vendor.325739c.js (29)
[18066:18066:1229/170549.276746:INFO:CONSOLE(29)] "Widget </footer/history> ("@marketfront/FooterHistory") is inited", source: https://yastatic.net/s3/market-static/white-desktop/browser.vendor.325739c.js (29)
[18066:18066:1229/170549.279954:INFO:CONSOLE(29)] "Widget </footer/subscription> ("@MarketNode/FooterSubsriptions") is inited", source: https://yastatic.net/s3/market-static/white-desktop/browser.vendor.325739c.js (29)
[18066:18066:1229/170549.296033:INFO:CONSOLE(29)] "Widget </footer/appPromoLoader> ("@marketfront/DistributionLoader") is inited", source: https://yastatic.net/s3/market-static/white-desktop/browser.vendor.325739c.js (29)
[18066:18066:1229/170549.346688:INFO:CONSOLE(29)] "Widget </menu/layout/layout> ("@MarketNode/HeaderTabs") is inited", source: https://yastatic.net/s3/market-static/white-desktop/browser.vendor.325739c.js (29)
[18066:18066:1229/170549.366210:INFO:CONSOLE(29)] "Widget </header/search> ("@MarketNode/HeaderSearch") is inited", source: https://yastatic.net/s3/market-static/white-desktop/browser.vendor.325739c.js (29)
[18066:18066:1229/170549.422652:INFO:CONSOLE(29)] "Widget </header/wishlistButton> ("@MarketNode/HeaderWishlistButton") is inited", source: https://yastatic.net/s3/market-static/white-desktop/browser.vendor.325739c.js (29)
[18066:18066:1229/170549.432198:INFO:CONSOLE(29)] "Widget </header/cartEntryPoint> ("@market/CartEntryPoint") is inited", source: https://yastatic.net/s3/market-static/white-desktop/browser.vendor.325739c.js (29)
[18066:18066:1229/170549.437193:INFO:CONSOLE(29)] "Widget </rootIdleManager/rootIdleManager-ExpressAddressPopup> ("@market/ExpressAddressPopup") is inited", source: https://yastatic.net/s3/market-static/white-desktop/browser.vendor.325739c.js (29)
[18066:18066:1229/170549.442004:INFO:CONSOLE(29)] "Widget </rootIdleManager/rootIdleManager-YandexMessenger> ("@marketfront/YandexMessenger") is inited", source: https://yastatic.net/s3/market-static/white-desktop/browser.vendor.325739c.js (29)
[18066:18066:1229/170549.610266:INFO:CONSOLE(29)] "Widget </popupManager> ("@marketfront/PopupManager") is inited", source: https://yastatic.net/s3/market-static/white-desktop/browser.vendor.325739c.js (29)
[18066:18066:1229/170549.622163:INFO:CONSOLE(29)] "Widget </rootIdleManager/rootIdleManager-VacuumDataLayer> ("@marketfront/VacuumDataLayer") is inited", source: https://yastatic.net/s3/market-static/white-desktop/browser.vendor.325739c.js (29)
[18066:18066:1229/170549.624129:INFO:CONSOLE(29)] "Widget </rootIdleManager/rootIdleManager-CommonEcommerce/vacuum> ("@marketfront/VacuumDataLayer") is inited", source: https://yastatic.net/s3/market-static/white-desktop/browser.vendor.325739c.js (29)
[18066:18066:1229/170549.626352:INFO:CONSOLE(29)] "Widget </deferredService> ("@marketfront/DeferredService") is inited", source: https://yastatic.net/s3/market-static/white-desktop/browser.vendor.325739c.js (29)
[18066:18066:1229/170549.842310:INFO:CONSOLE(71)] "Uncaught TypeError: Cannot read properties of undefined (reading 'productId')", source: https://yastatic.net/s3/market-static/white-desktop/browser.vendor.325739c.js (71)
[18066:18066:1229/170551.956674:INFO:CONSOLE(1)] "It is recommended that a robustness level be specified. Not specifying the robustness level could result in unexpected behavior.", source: https://yandex.ru/captchapgrd (1)
[18108:18133:1229/170604.628131:WARNING:sqlite_persistent_store_backend_base.cc(165)] Failed to post task from FlushAndNotifyInBackground@net/extras/sqlite/sqlite_persistent_store_backend_base.cc:213 to client_task_runner_.
[18108:18133:1229/170604.628370:WARNING:sqlite_persistent_store_backend_base.cc(165)] Failed to post task from FlushAndNotifyInBackground@net/extras/sqlite/sqlite_persistent_store_backend_base.cc:213 to client_task_runner_.
[18066:18066:1229/170604.709951:WARNING:pref_notifier_impl.cc(41)] Pref observer for media_router.cast_allow_all_ips found at shutdown.
